24/06/2016 09:21:49   Obtiene Session: 'CONEXION EXITOSA AL SERVIDOR DEL OOAPAS' '01264216220921517663364206'
24/06/2016 09:21:57   Obtiene Session: 'CONEXION EXITOSA AL SERVIDOR DEL OOAPAS' '22739833170921595789355021'
24/06/2016 09:22:29   Obtiene Session: 'CONEXION EXITOSA AL SERVIDOR DEL OOAPAS' '01276215560922316309056620'
24/06/2016 09:28:55   Obtiene Session: 'CONEXION EXITOSA AL SERVIDOR DEL OOAPAS' '38217433880928579258687071'
24/06/2016 10:02:19   Obtiene Session: 'CONEXION EXITOSA AL SERVIDOR DEL OOAPAS' '08634306151002216200373209'
24/06/2016 10:03:05   Obtiene Session: 'CONEXION EXITOSA AL SERVIDOR DEL OOAPAS' '57009141331003071147858726'
24/06/2016 10:05:19   Guardar datos de busqueda: '57009141331003071147858726' false '085191' 'S/N'
24/06/2016 10:05:20   Resultado Busqueda Agua: array (
  'estatus' => '1',
  'respuesta' => 'SI UD. ESTA RESTRINGIDO EN SU SERVICIO, AL PAGAR, LE RECOMENDAMOS QUE LLAME AL 113-22-00 EXT. 334 O 236,  DE OTRA MANERA SE REINSTALARA SU SERVICIO DE AGUA DESPUES DE DOS DIAS LABORABLES',
  'propietario' => 'RODRIGUEZ AGUILAR FRANCISCA',
  'numerocontrato' => '085191',
  'domicilio' => 'ROCIO S/N Mz 23 Lt 7601  COL. VISTA HERMOSA',
  'importetotal' => '$495.00',
  'concepto' => 'PAGO DE AGUA A TRAVES DE KIOSKO ,   PERIODO DE PAGO 01/05/2016__30/06/2016,   MESES_ADEUDO 0,   FECHA LIMITE PAGO 15/06/2016',
  'fechacobro' => '',
  'cantidadletra' => '',
  'cadenaverificacion' => '',
  'montocobrado' => '',
  'descripcion' => '',
  'id_kiosko' => '',
  'id_sesion' => '57009141331003071147858726',
)
24/06/2016 10:05:20   metodo buscarAgua Respuesta correcta
24/06/2016 10:05:57   Obtiene Session: 'CONEXION EXITOSA AL SERVIDOR DEL OOAPAS' '89299375471005590435409250'
24/06/2016 10:06:32   Obtiene Session: 'CONEXION EXITOSA AL SERVIDOR DEL OOAPAS' '62769708751006342713814458'
24/06/2016 10:06:49   Obtiene Session: 'CONEXION EXITOSA AL SERVIDOR DEL OOAPAS' '10898807001006513505261413'
24/06/2016 05:09:42   Obtiene Session: 'CONEXION EXITOSA AL SERVIDOR DEL OOAPAS' '05486295910509446986563285'
