07/06/2016 11:22:00   Obtiene Session: 'CONEXION EXITOSA AL SERVIDOR DEL OOAPAS' '71770601381122033605903811'
07/06/2016 11:22:12   Guardar datos de busqueda: '71770601381122033605903811' false '140326' '32'
07/06/2016 11:22:12   Resultado Busqueda Agua: array (
  'estatus' => '1',
  'respuesta' => 'SI UD. ESTA RESTRINGIDO EN SU SERVICIO, AL PAGAR, LE RECOMENDAMOS QUE LLAME AL 113-22-00 EXT. 334 O 236,  DE OTRA MANERA SE REINSTALARA SU SERVICIO DE AGUA DESPUES DE DOS DIAS LABORABLES',
  'propietario' => 'ACU?A MA BELEM',
  'numerocontrato' => '140326',
  'domicilio' => 'EL RENOVADOR NO.   32 L-3  COL. CAYETANO ANDRADE AMPL.',
  'importetotal' => '$116.00',
  'concepto' => 'PAGO DE AGUA A TRAVES DE KIOSKO ,   PERIODO DE PAGO 11/02/2016__12/04/2016,   MESES_ADEUDO 2,   FECHA LIMITE PAGO 25/04/2016',
  'fechacobro' => '',
  'cantidadletra' => '',
  'cadenaverificacion' => '',
  'montocobrado' => '',
  'descripcion' => '',
  'id_kiosko' => '',
  'sesion' => '',
)
07/06/2016 11:22:12   metodo buscarAgua Respuesta correcta
07/06/2016 11:22:22   Obtiene Session: 'CONEXION EXITOSA AL SERVIDOR DEL OOAPAS' '98445729221122242361044635'
07/06/2016 11:25:09   Obtiene Session: 'CONEXION EXITOSA AL SERVIDOR DEL OOAPAS' '60429542861125113125389350'
07/06/2016 11:43:02   Obtiene Session: 'CONEXION EXITOSA AL SERVIDOR DEL OOAPAS' '13162969311143057853129524'
07/06/2016 11:43:06   Obtiene Session: 'CONEXION EXITOSA AL SERVIDOR DEL OOAPAS' '30614249331143086587905646'
07/06/2016 11:43:44   Obtiene Session: 'CONEXION EXITOSA AL SERVIDOR DEL OOAPAS' '31554195561143460692352249'
07/06/2016 11:43:49   Obtiene Session: 'CONEXION EXITOSA AL SERVIDOR DEL OOAPAS' '81420089061143510668480610'
07/06/2016 01:09:37   Obtiene Session: 'CONEXION EXITOSA AL SERVIDOR DEL OOAPAS' '24225197860109398869452370'
07/06/2016 01:09:40   Obtiene Session: 'CONEXION EXITOSA AL SERVIDOR DEL OOAPAS' '92675922500109425704436843'
