13/06/2016 08:56:18   Obtiene Session: 'CONEXION EXITOSA AL SERVIDOR DEL OOAPAS' '97309839410856215177827534'
13/06/2016 12:28:16   Obtiene Session: 'CONEXION EXITOSA AL SERVIDOR DEL OOAPAS' '60529391371228202499872721'
13/06/2016 01:16:25   Obtiene Session: 'CONEXION EXITOSA AL SERVIDOR DEL OOAPAS' '88707150660116291386297770'
13/06/2016 01:17:15   Guardar datos de busqueda: '88707150660116291386297770' false '62351' '160'
13/06/2016 01:17:15   Resultado Busqueda Agua: array (
  'estatus' => '1',
  'respuesta' => 'SI UD. ESTA RESTRINGIDO EN SU SERVICIO, AL PAGAR, LE RECOMENDAMOS QUE LLAME AL 113-22-00 EXT. 334 O 236,  DE OTRA MANERA SE REINSTALARA SU SERVICIO DE AGUA DESPUES DE DOS DIAS LABORABLES',
  'propietario' => 'LOPEZ BOLAÑOS SILVIA',
  'numerocontrato' => '062351',
  'domicilio' => 'ING. INDUSTRIALES Y/O PEDRO M.ZAPATA NO.  160  COL. BUENA VISTA I',
  'importetotal' => '$495.00',
  'concepto' => 'PAGO DE AGUA A TRAVES DE KIOSKO ,   PERIODO DE PAGO 01/05/2016__30/06/2016,   MESES_ADEUDO 0,   FECHA LIMITE PAGO 13/06/2016',
  'fechacobro' => '',
  'cantidadletra' => '',
  'cadenaverificacion' => '',
  'montocobrado' => '',
  'descripcion' => '',
  'id_kiosko' => '',
  'id_sesion' => '88707150660116291386297770',
)
13/06/2016 01:17:15   metodo buscarAgua Respuesta correcta
13/06/2016 01:30:48   Obtiene Session: 'CONEXION EXITOSA AL SERVIDOR DEL OOAPAS' '63227686900130522769601273'
13/06/2016 04:11:15   Obtiene Session: 'CONEXION EXITOSA AL SERVIDOR DEL OOAPAS' '05172231120411197954167705'
