30/05/2016 04:16:52   Obtiene Session y Oficinas
30/05/2016 04:17:12   Resultado Busqueda: array (
  0 => '\'estatus\':1',
  1 => 'respuesta\':\'INFORMACION%20ENCONTRADA\'',
  2 => 'oficina\':101',
  3 => 'tipopredio\':1',
  4 => 'numpredio\':111',
  5 => 'propietario\':\'RAMIREZ%20HERNANDEZ%20DEMETRIA\'',
  6 => 'ubicacion\':\'GRANADITAS%2035,(INDEPENDENCIA),%20CENTRO%20HISTORICO\'',
  7 => 'domicilio\':\'GRANADITAS%2035,%20CENTRO%20HISTORICO%20CP%2058000\'',
  8 => 'conceptopredial\':\'\'',
  9 => 'totalpredial\':\'.0000\'',
  10 => 'conceptobaldios\':\'\'',
  11 => 'totalbaldios\':\'.0000\'',
  12 => 'conceptodap\':\'\'',
  13 => 'totaldap\':\'.0000\'',
  14 => 'conceptoisai\':\'\'',
  15 => 'totalisai\':\'.0000\'',
  16 => 'totaladeudo\':\'.0000\'',
  17 => 'noprop\':31477',
  18 => 'genero\':\'\'',
  19 => 'dato\':\'Año%20Efecto:2004%20Bim%20Efecto:3,Valor%20Fiscal:%20$%20336,619.00\'',
)
30/05/2016 04:17:12   metodo buscarPredial Si se encontro Los datos de busqueda
30/05/2016 04:17:37   Obtiene Session y Oficinas
30/05/2016 04:45:01   Obtiene Session y Oficinas
30/05/2016 04:45:23   Resultado Busqueda: array (
  0 => '\'estatus\':1',
  1 => 'respuesta\':\'INFORMACION%20ENCONTRADA\'',
  2 => 'oficina\':101',
  3 => 'tipopredio\':1',
  4 => 'numpredio\':51744',
  5 => 'propietario\':\'VIEYRA%20DURAN%20ERICELIA%20Y%20SOC\'',
  6 => 'ubicacion\':\'PASEO%20DEL%20ROBLE%20223,L%202028%20MZ%2059,%20PRADOS%20VERDES\'',
  7 => 'domicilio\':\'PLATINO%20121,%20INDUSTRIAL%20CP%2058130\'',
  8 => 'conceptopredial\':\'Adeuda%20desde:2016-6%20al%202016-6\'',
  9 => 'totalpredial\':\'593.0000\'',
  10 => 'conceptobaldios\':\'\'',
  11 => 'totalbaldios\':\'.0000\'',
  12 => 'conceptodap\':\'Adeuda%20desde:2016-1%20al%202016-6\'',
  13 => 'totaldap\':\'146.0000\'',
  14 => 'conceptoisai\':\'\'',
  15 => 'totalisai\':\'.0000\'',
  16 => 'totaladeudo\':\'739.0000\'',
  17 => 'noprop\':39499',
  18 => 'genero\':\'\'',
  19 => 'dato\':\'Año%20Efecto:1988%20Bim%20Efecto:1,Valor%20Fiscal:%20$%2010,454.00\'',
)
30/05/2016 04:45:23   metodo buscarPredial Si se encontro Los datos de busqueda
30/05/2016 04:46:07   Obtiene Session y Oficinas
30/05/2016 04:51:44   Obtiene Session y Oficinas
30/05/2016 04:52:15   Resultado Busqueda: array (
  0 => '\'estatus\':1',
  1 => 'respuesta\':\'INFORMACION%20ENCONTRADA\'',
  2 => 'oficina\':101',
  3 => 'tipopredio\':1',
  4 => 'numpredio\':51744',
  5 => 'propietario\':\'VIEYRA%20DURAN%20ERICELIA%20Y%20SOC\'',
  6 => 'ubicacion\':\'PASEO%20DEL%20ROBLE%20223,L%202028%20MZ%2059,%20PRADOS%20VERDES\'',
  7 => 'domicilio\':\'PLATINO%20121,%20INDUSTRIAL%20CP%2058130\'',
  8 => 'conceptopredial\':\'Adeuda%20desde:2016-6%20al%202016-6\'',
  9 => 'totalpredial\':\'593.0000\'',
  10 => 'conceptobaldios\':\'\'',
  11 => 'totalbaldios\':\'.0000\'',
  12 => 'conceptodap\':\'Adeuda%20desde:2016-1%20al%202016-6\'',
  13 => 'totaldap\':\'146.0000\'',
  14 => 'conceptoisai\':\'\'',
  15 => 'totalisai\':\'.0000\'',
  16 => 'totaladeudo\':\'739.0000\'',
  17 => 'noprop\':39499',
  18 => 'genero\':\'\'',
  19 => 'dato\':\'Año%20Efecto:1988%20Bim%20Efecto:1,Valor%20Fiscal:%20$%2010,454.00\'',
)
30/05/2016 04:52:15   metodo buscarPredial Si se encontro Los datos de busqueda
30/05/2016 05:00:36   Obtiene Session y Oficinas
30/05/2016 05:00:40   Obtiene Session y Oficinas
30/05/2016 05:01:29   Resultado Busqueda: array (
  0 => '\'estatus\':1',
  1 => 'respuesta\':\'INFORMACION%20ENCONTRADA\'',
  2 => 'oficina\':101',
  3 => 'tipopredio\':1',
  4 => 'numpredio\':51744',
  5 => 'propietario\':\'VIEYRA%20DURAN%20ERICELIA%20Y%20SOC\'',
  6 => 'ubicacion\':\'PASEO%20DEL%20ROBLE%20223,L%202028%20MZ%2059,%20PRADOS%20VERDES\'',
  7 => 'domicilio\':\'PLATINO%20121,%20INDUSTRIAL%20CP%2058130\'',
  8 => 'conceptopredial\':\'Adeuda%20desde:2016-6%20al%202016-6\'',
  9 => 'totalpredial\':\'593.0000\'',
  10 => 'conceptobaldios\':\'\'',
  11 => 'totalbaldios\':\'.0000\'',
  12 => 'conceptodap\':\'Adeuda%20desde:2016-1%20al%202016-6\'',
  13 => 'totaldap\':\'146.0000\'',
  14 => 'conceptoisai\':\'\'',
  15 => 'totalisai\':\'.0000\'',
  16 => 'totaladeudo\':\'739.0000\'',
  17 => 'noprop\':39499',
  18 => 'genero\':\'\'',
  19 => 'dato\':\'Año%20Efecto:1988%20Bim%20Efecto:1,Valor%20Fiscal:%20$%2010,454.00\'',
)
30/05/2016 05:01:29   metodo buscarPredial Si se encontro Los datos de busqueda
30/05/2016 05:05:42   Resultado Busqueda: array (
  0 => '\'estatus\':1',
  1 => 'respuesta\':\'INFORMACION%20ENCONTRADA\'',
  2 => 'oficina\':101',
  3 => 'tipopredio\':1',
  4 => 'numpredio\':51744',
  5 => 'propietario\':\'VIEYRA%20DURAN%20ERICELIA%20Y%20SOC\'',
  6 => 'ubicacion\':\'PASEO%20DEL%20ROBLE%20223,L%202028%20MZ%2059,%20PRADOS%20VERDES\'',
  7 => 'domicilio\':\'PLATINO%20121,%20INDUSTRIAL%20CP%2058130\'',
  8 => 'conceptopredial\':\'Adeuda%20desde:2016-6%20al%202016-6\'',
  9 => 'totalpredial\':\'593.0000\'',
  10 => 'conceptobaldios\':\'\'',
  11 => 'totalbaldios\':\'.0000\'',
  12 => 'conceptodap\':\'Adeuda%20desde:2016-1%20al%202016-6\'',
  13 => 'totaldap\':\'146.0000\'',
  14 => 'conceptoisai\':\'\'',
  15 => 'totalisai\':\'.0000\'',
  16 => 'totaladeudo\':\'739.0000\'',
  17 => 'noprop\':39499',
  18 => 'genero\':\'\'',
  19 => 'dato\':\'Año%20Efecto:1988%20Bim%20Efecto:1,Valor%20Fiscal:%20$%2010,454.00\'',
)
30/05/2016 05:05:42   metodo buscarPredial Si se encontro Los datos de busqueda
30/05/2016 05:07:24   Resultado Busqueda: array (
  0 => '\'estatus\':1',
  1 => 'respuesta\':\'INFORMACION%20ENCONTRADA\'',
  2 => 'oficina\':101',
  3 => 'tipopredio\':1',
  4 => 'numpredio\':51744',
  5 => 'propietario\':\'VIEYRA%20DURAN%20ERICELIA%20Y%20SOC\'',
  6 => 'ubicacion\':\'PASEO%20DEL%20ROBLE%20223,L%202028%20MZ%2059,%20PRADOS%20VERDES\'',
  7 => 'domicilio\':\'PLATINO%20121,%20INDUSTRIAL%20CP%2058130\'',
  8 => 'conceptopredial\':\'Adeuda%20desde:2016-6%20al%202016-6\'',
  9 => 'totalpredial\':\'593.0000\'',
  10 => 'conceptobaldios\':\'\'',
  11 => 'totalbaldios\':\'.0000\'',
  12 => 'conceptodap\':\'Adeuda%20desde:2016-1%20al%202016-6\'',
  13 => 'totaldap\':\'146.0000\'',
  14 => 'conceptoisai\':\'\'',
  15 => 'totalisai\':\'.0000\'',
  16 => 'totaladeudo\':\'739.0000\'',
  17 => 'noprop\':39499',
  18 => 'genero\':\'\'',
  19 => 'dato\':\'Año%20Efecto:1988%20Bim%20Efecto:1,Valor%20Fiscal:%20$%2010,454.00\'',
)
30/05/2016 05:07:24   metodo buscarPredial Si se encontro Los datos de busqueda
30/05/2016 05:08:27   Resultado Busqueda: array (
  0 => '\'estatus\':1',
  1 => 'respuesta\':\'INFORMACION%20ENCONTRADA\'',
  2 => 'oficina\':101',
  3 => 'tipopredio\':1',
  4 => 'numpredio\':51744',
  5 => 'propietario\':\'VIEYRA%20DURAN%20ERICELIA%20Y%20SOC\'',
  6 => 'ubicacion\':\'PASEO%20DEL%20ROBLE%20223,L%202028%20MZ%2059,%20PRADOS%20VERDES\'',
  7 => 'domicilio\':\'PLATINO%20121,%20INDUSTRIAL%20CP%2058130\'',
  8 => 'conceptopredial\':\'Adeuda%20desde:2016-6%20al%202016-6\'',
  9 => 'totalpredial\':\'593.0000\'',
  10 => 'conceptobaldios\':\'\'',
  11 => 'totalbaldios\':\'.0000\'',
  12 => 'conceptodap\':\'Adeuda%20desde:2016-1%20al%202016-6\'',
  13 => 'totaldap\':\'146.0000\'',
  14 => 'conceptoisai\':\'\'',
  15 => 'totalisai\':\'.0000\'',
  16 => 'totaladeudo\':\'739.0000\'',
  17 => 'noprop\':39499',
  18 => 'genero\':\'\'',
  19 => 'dato\':\'Año%20Efecto:1988%20Bim%20Efecto:1,Valor%20Fiscal:%20$%2010,454.00\'',
)
30/05/2016 05:08:27   metodo buscarPredial Si se encontro Los datos de busqueda
30/05/2016 05:08:50   Obtiene Session y Oficinas
30/05/2016 05:09:21   Obtiene Session y Oficinas
30/05/2016 05:10:38   metodo buscarPredial Datos Incorrectos de busqueda no paso validacion
