06/06/2016 01:11:41   Inicio de Servicio Obtine Session
06/06/2016 01:11:41   Modelo- Resultado inicio sesion: '﻿[{\'estatus\':1,\'respuesta\':\'TODO%20BIEN\',\'sesion\':\'7gjricmccg6ckie8b5g05f5j46\'}]'
06/06/2016 01:11:41   Inicio de Servicio Obtine Ingresos
06/06/2016 01:11:41   Valida Si hay Session
06/06/2016 01:15:58   Modelo- Resultado busqueda otros pagos: '[{\'estatus\':1,\'respuesta\':\'INFORMACION%20ENCONTRADA\',\'concepto\':\'ORDENES%20DE%20ENTERO\',\'nota\':\'Referencia:SOE(DIRECCION%20DE%20MERCADOS%20Y%20COMERCIO%20EN%20VIA%20PUBLICA)-690PUESTOS%20FIJOS%20Y%20SEMIFIJOS,%20GIRO%20FRUTA%20EN%20AV.%20TORREON%20NUEVO,%20COL.%20LOMA%20REAL.%20---%20ENERO%202016%20---%20%20F%2057714\',\'propietario\':\'PEREZ%20AVALOS%20JOSE%20LUIS\',\'ubicacion\':\'AV.%20TORREON%20NUEVO%20,%20LOMA%20REAL\',\'domicilio\':\'AV.%20TORREON%20NUEVO%20,%20LOMA%20REAL\',\'totaladeudo\':\'350.00\',\'noprop\':1331817,\'genero\':\'\',\'conceptos\':\'PUESTOS%20FIJOS%20O%20SEMIJOS,%20INCLUSO%20DE%20TIPO%20METALICO%20$%20350.00%20|%20OTROS%20NO%20ESPECIFICADOS(CARGOS%20POR%20REDONDEO)%20$%200.00\',\'rfc\':\'\'}]'
06/06/2016 01:15:58   Datos de Busqueda: '7gjricmccg6ckie8b5g05f5j46 30055 364269 PEREz'
06/06/2016 01:15:58   Si se encontro Los datos de busqueda: array (
  0 => '\'estatus\':1',
  1 => 'respuesta\':\'INFORMACION ENCONTRADA\'',
  2 => 'concepto\':\'ORDENES DE ENTERO\'',
  3 => 'nota\':\'Referencia:SOE(DIRECCION DE MERCADOS Y COMERCIO EN VIA PUBLICA)-690PUESTOS FIJOS Y SEMIFIJOS, GIRO FRUTA EN AV. TORREON NUEVO, COL. LOMA REAL. --- ENERO 2016 ---  F 57714\'',
  4 => 'propietario\':\'PEREZ AVALOS JOSE LUIS\'',
  5 => 'ubicacion\':\'AV. TORREON NUEVO , LOMA REAL\'',
  6 => 'domicilio\':\'AV. TORREON NUEVO , LOMA REAL\'',
  7 => 'totaladeudo\':\'350.00\'',
  8 => 'noprop\':1331817',
  9 => 'genero\':\'\'',
  10 => 'conceptos\':\'PUESTOS FIJOS O SEMIJOS, INCLUSO DE TIPO METALICO $ 350.00 | OTROS NO ESPECIFICADOS(CARGOS POR REDONDEO) $ 0.00\'',
  11 => 'rfc\':\'\'',
)
