09/06/2016 09:14:43   Inicio de Servicio Obtine Session
09/06/2016 09:14:44   Modelo- Resultado inicio sesion: 'ï»¿[{\'estatus\':1,\'respuesta\':\'TODO%20BIEN\',\'sesion\':\'7gjricmccg6ckie8b5g05f5j46\'}]'
09/06/2016 09:14:44   Inicio de Servicio Obtine Ingresos
09/06/2016 09:14:44   Valida Si hay Session
09/06/2016 09:29:00   Inicio de Servicio Obtine Session
09/06/2016 09:29:00   Modelo- Resultado inicio sesion: 'ï»¿[{\'estatus\':1,\'respuesta\':\'TODO%20BIEN\',\'sesion\':\'7gjricmccg6ckie8b5g05f5j46\'}]'
09/06/2016 09:29:00   Inicio de Servicio Obtine Ingresos
09/06/2016 09:29:00   Valida Si hay Session
09/06/2016 09:29:42   Modelo- Resultado busqueda otros pagos: '[{\'estatus\':1,\'respuesta\':\'INFORMACION%20ENCONTRADA\',\'concepto\':\'ORDENES%20DE%20ENTERO\',\'nota\':\'Referencia:SOE(RASTRO%20MUNICIPAL)-2306REFRENDO%20%20%202016\',\'propietario\':\'REYES%20CEDEÑO%20JAVIER\',\'ubicacion\':\'RAFAELA%20LOPEZ%20231%20A%20,%20GERTRUDIS%20BOCANEGRA,%20CP:58150\',\'domicilio\':\'RAFAELA%20LOPEZ%20231%20A%20,%20GERTRUDIS%20BOCANEGRA,%20CP:58150\',\'totaladeudo\':\'16.00\',\'noprop\':1163075,\'genero\':\'\',\'conceptos\':\'REGISTRO%20Y%20REFRENDO%20DE%20FIERROS%20$%2016.48%20|%20OTROS%20NO%20ESPECIFICADOS(CARGOS%20POR%20REDONDEO)%20$%20-0.48\',\'rfc\':\'\'}]'
09/06/2016 09:29:42   Datos de Busqueda: '7gjricmccg6ckie8b5g05f5j46 30055 364380 REYEs'
09/06/2016 09:29:42   Si se encontro Los datos de busqueda: array (
  0 => '\'estatus\':1',
  1 => 'respuesta\':\'INFORMACION ENCONTRADA\'',
  2 => 'concepto\':\'ORDENES DE ENTERO\'',
  3 => 'nota\':\'Referencia:SOE(RASTRO MUNICIPAL)-2306REFRENDO   2016\'',
  4 => 'propietario\':\'REYES CEDEÃ‘O JAVIER\'',
  5 => 'ubicacion\':\'RAFAELA LOPEZ 231 A , GERTRUDIS BOCANEGRA, CP:58150\'',
  6 => 'domicilio\':\'RAFAELA LOPEZ 231 A , GERTRUDIS BOCANEGRA, CP:58150\'',
  7 => 'totaladeudo\':\'16.00\'',
  8 => 'noprop\':1163075',
  9 => 'genero\':\'\'',
  10 => 'conceptos\':\'REGISTRO Y REFRENDO DE FIERROS $ 16.48 | OTROS NO ESPECIFICADOS(CARGOS POR REDONDEO) $ -0.48\'',
  11 => 'rfc\':\'\'',
)
09/06/2016 01:36:20   Inicio de Servicio Obtine Session
09/06/2016 01:36:20   Modelo- Resultado inicio sesion: 'ï»¿[{\'estatus\':1,\'respuesta\':\'TODO%20BIEN\',\'sesion\':\'7gjricmccg6ckie8b5g05f5j46\'}]'
09/06/2016 01:36:20   Inicio de Servicio Obtine Ingresos
09/06/2016 01:36:20   Valida Si hay Session
09/06/2016 01:38:23   Inicio de Servicio Obtine Session
09/06/2016 01:38:23   Modelo- Resultado inicio sesion: 'ï»¿[{\'estatus\':1,\'respuesta\':\'TODO%20BIEN\',\'sesion\':\'7gjricmccg6ckie8b5g05f5j46\'}]'
09/06/2016 01:38:23   Inicio de Servicio Obtine Ingresos
09/06/2016 01:38:23   Valida Si hay Session
09/06/2016 01:38:38   Datos Incorrectos de busqueda no paso validacion
09/06/2016 01:38:46   Modelo- Resultado busqueda otros pagos: '[{"estatus":0,"respuesta":"No%20se%20encontro%20Adeudos%20con%20los%20parametros%20proporcionados"}]'
09/06/2016 01:38:46   Datos de Busqueda: '7gjricmccg6ckie8b5g05f5j46 30004 732416 EZQUIVEl'
09/06/2016 01:38:46   No encontro Resultado: 
09/06/2016 01:39:10   Modelo- Resultado busqueda otros pagos: '[{"estatus":0,"respuesta":"No%20se%20encontro%20Adeudos%20con%20los%20parametros%20proporcionados"}]'
09/06/2016 01:39:10   Datos de Busqueda: '7gjricmccg6ckie8b5g05f5j46 30004 732416 ESQUIVEl'
09/06/2016 01:39:10   No encontro Resultado: 
09/06/2016 01:39:31   Modelo- Resultado busqueda otros pagos: '[{"estatus":0,"respuesta":"No%20se%20encontro%20Adeudos%20con%20los%20parametros%20proporcionados"}]'
09/06/2016 01:39:31   Datos de Busqueda: '7gjricmccg6ckie8b5g05f5j46 30004 733516 FESQUIVELLOREs'
09/06/2016 01:39:31   No encontro Resultado: 
09/06/2016 01:39:47   Modelo- Resultado busqueda otros pagos: '[{"estatus":0,"respuesta":"No%20se%20encontro%20Adeudos%20con%20los%20parametros%20proporcionados"}]'
09/06/2016 01:39:47   Datos de Busqueda: '7gjricmccg6ckie8b5g05f5j46 30004 733516 FLOREs'
09/06/2016 01:39:47   No encontro Resultado: 
09/06/2016 01:40:34   Modelo- Resultado busqueda otros pagos: '[{"estatus":0,"respuesta":"No%20se%20encontro%20Adeudos%20con%20los%20parametros%20proporcionados"}]'
09/06/2016 01:40:34   Datos de Busqueda: '7gjricmccg6ckie8b5g05f5j46 30057 145517 PPH4252'
09/06/2016 01:40:34   No encontro Resultado: 
09/06/2016 01:41:24   Modelo- Resultado busqueda otros pagos: '[{\'estatus\':1,\'respuesta\':\'INFORMACION%20ENCONTRADA\',\'concepto\':\'ORDENES%20DE%20ENTERO\',\'nota\':\'Referencia:SOE(DIRECCION%20DE%20MERCADOS%20Y%20COMERCIO%20EN%20VIA%20PUBLICA)-690PUESTOS%20FIJOS%20Y%20SEMIFIJOS,%20GIRO%20FRUTA%20EN%20AV.%20TORREON%20NUEVO,%20COL.%20LOMA%20REAL.%20---%20ENERO%202016%20---%20%20F%2057714\',\'propietario\':\'PEREZ%20AVALOS%20JOSE%20LUIS\',\'ubicacion\':\'AV.%20TORREON%20NUEVO%20,%20LOMA%20REAL\',\'domicilio\':\'AV.%20TORREON%20NUEVO%20,%20LOMA%20REAL\',\'totaladeudo\':\'350.00\',\'noprop\':1331817,\'genero\':\'\',\'conceptos\':\'PUESTOS%20FIJOS%20O%20SEMIJOS,%20INCLUSO%20DE%20TIPO%20METALICO%20$%20350.00%20|%20OTROS%20NO%20ESPECIFICADOS(CARGOS%20POR%20REDONDEO)%20$%200.00\',\'rfc\':\'\'}]'
09/06/2016 01:41:24   Datos de Busqueda: '7gjricmccg6ckie8b5g05f5j46 30055 364269 PEREz'
09/06/2016 01:41:24   Si se encontro Los datos de busqueda: array (
  0 => '\'estatus\':1',
  1 => 'respuesta\':\'INFORMACION ENCONTRADA\'',
  2 => 'concepto\':\'ORDENES DE ENTERO\'',
  3 => 'nota\':\'Referencia:SOE(DIRECCION DE MERCADOS Y COMERCIO EN VIA PUBLICA)-690PUESTOS FIJOS Y SEMIFIJOS, GIRO FRUTA EN AV. TORREON NUEVO, COL. LOMA REAL. --- ENERO 2016 ---  F 57714\'',
  4 => 'propietario\':\'PEREZ AVALOS JOSE LUIS\'',
  5 => 'ubicacion\':\'AV. TORREON NUEVO , LOMA REAL\'',
  6 => 'domicilio\':\'AV. TORREON NUEVO , LOMA REAL\'',
  7 => 'totaladeudo\':\'350.00\'',
  8 => 'noprop\':1331817',
  9 => 'genero\':\'\'',
  10 => 'conceptos\':\'PUESTOS FIJOS O SEMIJOS, INCLUSO DE TIPO METALICO $ 350.00 | OTROS NO ESPECIFICADOS(CARGOS POR REDONDEO) $ 0.00\'',
  11 => 'rfc\':\'\'',
)
09/06/2016 01:41:28   Paso pantalla de  pago, Pagara'350.00'
09/06/2016 01:42:51   Inicio de Servicio Obtine Session
09/06/2016 01:42:51   Modelo- Resultado inicio sesion: 'ï»¿[{\'estatus\':1,\'respuesta\':\'TODO%20BIEN\',\'sesion\':\'7gjricmccg6ckie8b5g05f5j46\'}]'
09/06/2016 01:42:51   Inicio de Servicio Obtine Ingresos
09/06/2016 01:42:51   Valida Si hay Session
09/06/2016 01:43:13   Modelo- Resultado busqueda otros pagos: '[{\'estatus\':1,\'respuesta\':\'INFORMACION%20ENCONTRADA\',\'concepto\':\'ORDENES%20DE%20ENTERO\',\'nota\':\'Referencia:SOE(DIRECCION%20DE%20MERCADOS%20Y%20COMERCIO%20EN%20VIA%20PUBLICA)-690PUESTOS%20FIJOS%20Y%20SEMIFIJOS,%20GIRO%20FRUTA%20EN%20AV.%20TORREON%20NUEVO,%20COL.%20LOMA%20REAL.%20---%20ENERO%202016%20---%20%20F%2057714\',\'propietario\':\'PEREZ%20AVALOS%20JOSE%20LUIS\',\'ubicacion\':\'AV.%20TORREON%20NUEVO%20,%20LOMA%20REAL\',\'domicilio\':\'AV.%20TORREON%20NUEVO%20,%20LOMA%20REAL\',\'totaladeudo\':\'350.00\',\'noprop\':1331817,\'genero\':\'\',\'conceptos\':\'PUESTOS%20FIJOS%20O%20SEMIJOS,%20INCLUSO%20DE%20TIPO%20METALICO%20$%20350.00%20|%20OTROS%20NO%20ESPECIFICADOS(CARGOS%20POR%20REDONDEO)%20$%200.00\',\'rfc\':\'\'}]'
09/06/2016 01:43:13   Datos de Busqueda: '7gjricmccg6ckie8b5g05f5j46 30055 364269 PEREz'
09/06/2016 01:43:13   Si se encontro Los datos de busqueda: array (
  0 => '\'estatus\':1',
  1 => 'respuesta\':\'INFORMACION ENCONTRADA\'',
  2 => 'concepto\':\'ORDENES DE ENTERO\'',
  3 => 'nota\':\'Referencia:SOE(DIRECCION DE MERCADOS Y COMERCIO EN VIA PUBLICA)-690PUESTOS FIJOS Y SEMIFIJOS, GIRO FRUTA EN AV. TORREON NUEVO, COL. LOMA REAL. --- ENERO 2016 ---  F 57714\'',
  4 => 'propietario\':\'PEREZ AVALOS JOSE LUIS\'',
  5 => 'ubicacion\':\'AV. TORREON NUEVO , LOMA REAL\'',
  6 => 'domicilio\':\'AV. TORREON NUEVO , LOMA REAL\'',
  7 => 'totaladeudo\':\'350.00\'',
  8 => 'noprop\':1331817',
  9 => 'genero\':\'\'',
  10 => 'conceptos\':\'PUESTOS FIJOS O SEMIJOS, INCLUSO DE TIPO METALICO $ 350.00 | OTROS NO ESPECIFICADOS(CARGOS POR REDONDEO) $ 0.00\'',
  11 => 'rfc\':\'\'',
)
09/06/2016 01:43:15   Paso pantalla de  pago, Pagara'350.00'
09/06/2016 01:50:41   Inicio de Servicio Obtine Session
09/06/2016 01:50:41   Modelo- Resultado inicio sesion: 'ï»¿[{\'estatus\':1,\'respuesta\':\'TODO%20BIEN\',\'sesion\':\'7gjricmccg6ckie8b5g05f5j46\'}]'
09/06/2016 01:50:41   Inicio de Servicio Obtine Ingresos
09/06/2016 01:50:41   Valida Si hay Session
